
> vite_react_shadcn_ts@0.0.0 dev
> vite --host 127.0.0.1 --port 5173

Re-optimizing dependencies because lockfile has changed

  [32m[1mVITE[22m v5.4.19[39m  [2mready in [0m[1m606[22m[2m[0m ms[22m

  [32m➜[39m  [1mLocal[22m:   [36mhttp://127.0.0.1:[1m5173[22m/[39m
[2m2:43:53 PM[22m [36m[1m[vite][22m[39m [32mhmr update [39m[2m/src/index.css, /src/contexts/SettingsContext.tsx, /src/contexts/AdminAuthContext.tsx, /src/pages/ProductPage.tsx[22m
[2m2:45:54 PM[22m [36m[1m[vite][22m[39m [32mhmr update [39m[2m/src/contexts/SettingsContext.tsx, /src/index.css, /src/components/PageLoader.tsx, /src/contexts/AdminAuthContext.tsx, /src/pages/ProductPage.tsx[22m
[2m2:46:50 PM[22m [36m[1m[vite][22m[39m [32mhmr update [39m[2m/src/App.tsx, /src/index.css[22m
[2m3:17:55 PM[22m [36m[1m[vite][22m[39m [32mhmr update [39m[2m/src/contexts/SettingsContext.tsx, /src/index.css, /src/components/PageLoader.tsx, /src/contexts/AdminAuthContext.tsx, /src/pages/ProductPage.tsx, /src/pages/EventPage.tsx, /src/pages/HomePage.tsx[22m
[2m3:17:55 PM[22m [36m[1m[vite][22m[39m [33mhmr invalidate [39m[2m/src/contexts/SettingsContext.tsx[22m Could not Fast Refresh ("useSettings" export is incompatible). Learn more at https://github.com/vitejs/vite-plugin-react/tree/main/packages/plugin-react-swc#consistent-components-exports
[2m3:17:55 PM[22m [36m[1m[vite][22m[39m [32mhmr update [39m[2m/src/App.tsx, /src/index.css, /src/contexts/CartContext.tsx, /src/components/SiteThemeSync.tsx, /src/pages/ProductPage.tsx, /src/components/SEO.tsx, /src/components/layout/Header.tsx, /src/components/layout/Footer.tsx, /src/components/layout/PaymentNoticeBar.tsx, /src/pages/EventPage.tsx, /src/components/ProductCard.tsx, /src/components/FloatingContactButton.tsx, /src/pages/HomePage.tsx, /src/components/HomepageBenefitsSection.tsx[22m
[2m3:17:55 PM[22m [36m[1m[vite][22m[39m [33mhmr invalidate [39m[2m/src/contexts/AdminAuthContext.tsx[22m Could not Fast Refresh ("useAdminAuth" export is incompatible). Learn more at https://github.com/vitejs/vite-plugin-react/tree/main/packages/plugin-react-swc#consistent-components-exports
[2m3:17:55 PM[22m [36m[1m[vite][22m[39m [32mhmr update [39m[2m/src/App.tsx, /src/index.css[22m
[2m3:23:41 PM[22m [36m[1m[vite][22m[39m [32mhmr update [39m[2m/src/contexts/SettingsContext.tsx, /src/index.css, /src/components/PageLoader.tsx, /src/contexts/AdminAuthContext.tsx, /src/pages/ProductPage.tsx, /src/pages/EventPage.tsx, /src/pages/HomePage.tsx, /src/pages/ShopPage.tsx[22m
[2m3:23:41 PM[22m [36m[1m[vite][22m[39m [33mhmr invalidate [39m[2m/src/contexts/SettingsContext.tsx[22m Could not Fast Refresh ("useSettings" export is incompatible). Learn more at https://github.com/vitejs/vite-plugin-react/tree/main/packages/plugin-react-swc#consistent-components-exports
[2m3:23:41 PM[22m [36m[1m[vite][22m[39m [32mhmr update [39m[2m/src/App.tsx, /src/index.css, /src/contexts/CartContext.tsx, /src/components/SiteThemeSync.tsx, /src/pages/ProductPage.tsx, /src/components/SEO.tsx, /src/components/layout/Header.tsx, /src/components/layout/Footer.tsx, /src/components/layout/PaymentNoticeBar.tsx, /src/pages/EventPage.tsx, /src/components/ProductCard.tsx, /src/components/FloatingContactButton.tsx, /src/pages/HomePage.tsx, /src/components/HomepageBenefitsSection.tsx[22m
[2m3:23:41 PM[22m [36m[1m[vite][22m[39m [33mhmr invalidate [39m[2m/src/contexts/AdminAuthContext.tsx[22m Could not Fast Refresh ("useAdminAuth" export is incompatible). Learn more at https://github.com/vitejs/vite-plugin-react/tree/main/packages/plugin-react-swc#consistent-components-exports
[2m3:23:41 PM[22m [36m[1m[vite][22m[39m [32mhmr update [39m[2m/src/App.tsx, /src/index.css[22m
[2m3:24:19 PM[22m [36m[1m[vite][22m[39m [32mhmr update [39m[2m/src/index.css, /src/contexts/SettingsContext.tsx, /src/contexts/AdminAuthContext.tsx, /src/pages/ProductPage.tsx, /src/pages/EventPage.tsx, /src/pages/HomePage.tsx, /src/pages/ShopPage.tsx[22m
[2m3:24:19 PM[22m [36m[1m[vite][22m[39m [33mhmr invalidate [39m[2m/src/contexts/SettingsContext.tsx[22m Could not Fast Refresh ("useSettings" export is incompatible). Learn more at https://github.com/vitejs/vite-plugin-react/tree/main/packages/plugin-react-swc#consistent-components-exports
[2m3:24:19 PM[22m [36m[1m[vite][22m[39m [32mhmr update [39m[2m/src/App.tsx, /src/index.css, /src/contexts/CartContext.tsx, /src/components/SiteThemeSync.tsx, /src/pages/ProductPage.tsx, /src/components/SEO.tsx, /src/components/layout/Header.tsx, /src/components/layout/Footer.tsx, /src/components/layout/PaymentNoticeBar.tsx, /src/pages/EventPage.tsx, /src/components/ProductCard.tsx, /src/components/FloatingContactButton.tsx, /src/pages/HomePage.tsx, /src/components/HomepageBenefitsSection.tsx[22m
[2m3:24:19 PM[22m [36m[1m[vite][22m[39m [33mhmr invalidate [39m[2m/src/contexts/AdminAuthContext.tsx[22m Could not Fast Refresh ("useAdminAuth" export is incompatible). Learn more at https://github.com/vitejs/vite-plugin-react/tree/main/packages/plugin-react-swc#consistent-components-exports
[2m3:24:19 PM[22m [36m[1m[vite][22m[39m [32mhmr update [39m[2m/src/App.tsx, /src/index.css[22m
[2m3:30:57 PM[22m [36m[1m[vite][22m[39m [32mhmr update [39m[2m/src/pages/EventPage.tsx, /src/index.css[22m
[2m3:33:34 PM[22m [36m[1m[vite][22m[39m [32mhmr update [39m[2m/src/pages/ProductPage.tsx, /src/index.css[22m
[2m3:34:08 PM[22m [36m[1m[vite][22m[39m [32mhmr update [39m[2m/src/pages/ProductPage.tsx, /src/index.css[22m
[2m3:44:31 PM[22m [36m[1m[vite][22m[39m [32mhmr update [39m[2m/src/components/layout/Footer.tsx, /src/index.css[22m
[2m3:45:36 PM[22m [36m[1m[vite][22m[39m [32mhmr update [39m[2m/src/index.css, /src/contexts/SettingsContext.tsx, /src/contexts/AdminAuthContext.tsx, /src/pages/ProductPage.tsx, /src/pages/EventPage.tsx, /src/pages/HomePage.tsx, /src/pages/ShopPage.tsx[22m
[2m3:45:36 PM[22m [36m[1m[vite][22m[39m [32mhmr update [39m[2m/src/contexts/SettingsContext.tsx, /src/index.css, /src/components/PageLoader.tsx, /src/contexts/AdminAuthContext.tsx, /src/pages/ProductPage.tsx, /src/pages/EventPage.tsx, /src/pages/HomePage.tsx, /src/pages/ShopPage.tsx[22m
[2m3:45:36 PM[22m [36m[1m[vite][22m[39m [32mhmr update [39m[2m/src/components/SEO.tsx, /src/index.css[22m
[2m3:45:36 PM[22m [36m[1m[vite][22m[39m [33mhmr invalidate [39m[2m/src/contexts/SettingsContext.tsx[22m Could not Fast Refresh ("useSettings" export is incompatible). Learn more at https://github.com/vitejs/vite-plugin-react/tree/main/packages/plugin-react-swc#consistent-components-exports
[2m3:45:36 PM[22m [36m[1m[vite][22m[39m [32mhmr update [39m[2m/src/App.tsx, /src/index.css, /src/contexts/CartContext.tsx, /src/components/SiteThemeSync.tsx, /src/pages/ProductPage.tsx, /src/components/SEO.tsx, /src/components/layout/Header.tsx, /src/components/layout/Footer.tsx, /src/components/layout/PaymentNoticeBar.tsx, /src/pages/EventPage.tsx, /src/components/ProductCard.tsx, /src/components/FloatingContactButton.tsx, /src/pages/HomePage.tsx, /src/components/HomepageBenefitsSection.tsx[22m
[2m3:45:36 PM[22m [36m[1m[vite][22m[39m [33mhmr invalidate [39m[2m/src/contexts/AdminAuthContext.tsx[22m Could not Fast Refresh ("useAdminAuth" export is incompatible). Learn more at https://github.com/vitejs/vite-plugin-react/tree/main/packages/plugin-react-swc#consistent-components-exports
[2m3:45:36 PM[22m [36m[1m[vite][22m[39m [32mhmr update [39m[2m/src/App.tsx, /src/index.css[22m
[2m3:46:00 PM[22m [36m[1m[vite][22m[39m [32mhmr update [39m[2m/src/contexts/SettingsContext.tsx, /src/index.css, /src/components/PageLoader.tsx, /src/contexts/AdminAuthContext.tsx, /src/pages/ProductPage.tsx, /src/pages/EventPage.tsx, /src/pages/HomePage.tsx, /src/pages/ShopPage.tsx[22m
[2m3:46:00 PM[22m [36m[1m[vite][22m[39m [33mhmr invalidate [39m[2m/src/contexts/SettingsContext.tsx[22m Could not Fast Refresh ("useSettings" export is incompatible). Learn more at https://github.com/vitejs/vite-plugin-react/tree/main/packages/plugin-react-swc#consistent-components-exports
[2m3:46:00 PM[22m [36m[1m[vite][22m[39m [32mhmr update [39m[2m/src/App.tsx, /src/index.css, /src/contexts/CartContext.tsx, /src/components/SiteThemeSync.tsx, /src/pages/ProductPage.tsx, /src/components/SEO.tsx, /src/components/layout/Header.tsx, /src/components/layout/Footer.tsx, /src/components/layout/PaymentNoticeBar.tsx, /src/pages/EventPage.tsx, /src/components/ProductCard.tsx, /src/components/FloatingContactButton.tsx, /src/pages/HomePage.tsx, /src/components/HomepageBenefitsSection.tsx[22m
[2m3:46:00 PM[22m [36m[1m[vite][22m[39m [33mhmr invalidate [39m[2m/src/contexts/AdminAuthContext.tsx[22m Could not Fast Refresh ("useAdminAuth" export is incompatible). Learn more at https://github.com/vitejs/vite-plugin-react/tree/main/packages/plugin-react-swc#consistent-components-exports
[2m3:46:00 PM[22m [36m[1m[vite][22m[39m [32mhmr update [39m[2m/src/App.tsx, /src/index.css[22m
[2m4:42:32 PM[22m [36m[1m[vite][22m[39m [32mhmr update [39m[2m/src/App.tsx, /src/index.css[22m
[2m4:42:55 PM[22m [36m[1m[vite][22m[39m [32mhmr update [39m[2m/src/components/layout/Footer.tsx, /src/index.css[22m
[2m4:43:15 PM[22m [36m[1m[vite][22m[39m [32mhmr update [39m[2m/src/contexts/SettingsContext.tsx, /src/index.css, /src/components/PageLoader.tsx, /src/contexts/AdminAuthContext.tsx, /src/pages/ProductPage.tsx, /src/pages/EventPage.tsx, /src/pages/HomePage.tsx, /src/pages/ShopPage.tsx[22m
[2m4:43:41 PM[22m [36m[1m[vite][22m[39m [32mhmr update [39m[2m/src/contexts/SettingsContext.tsx, /src/index.css, /src/components/PageLoader.tsx, /src/contexts/AdminAuthContext.tsx, /src/pages/ProductPage.tsx, /src/pages/EventPage.tsx, /src/pages/HomePage.tsx, /src/pages/ShopPage.tsx[22m
[2m10:42:52 PM[22m [36m[1m[vite][22m[39m [32mhmr update [39m[2m/src/contexts/SettingsContext.tsx, /src/index.css, /src/components/PageLoader.tsx, /src/contexts/AdminAuthContext.tsx, /src/pages/ProductPage.tsx, /src/pages/EventPage.tsx, /src/pages/HomePage.tsx, /src/pages/ShopPage.tsx, /src/pages/BuilderPage.tsx[22m
[2m10:42:52 PM[22m [36m[1m[vite][22m[39m [33mhmr invalidate [39m[2m/src/contexts/SettingsContext.tsx[22m Could not Fast Refresh ("useSettings" export is incompatible). Learn more at https://github.com/vitejs/vite-plugin-react/tree/main/packages/plugin-react-swc#consistent-components-exports
[2m10:42:52 PM[22m [36m[1m[vite][22m[39m [32mhmr update [39m[2m/src/App.tsx, /src/index.css, /src/contexts/CartContext.tsx, /src/components/SiteThemeSync.tsx, /src/pages/ProductPage.tsx, /src/components/SEO.tsx, /src/components/layout/Header.tsx, /src/components/layout/Footer.tsx, /src/components/layout/PaymentNoticeBar.tsx, /src/pages/EventPage.tsx, /src/components/ProductCard.tsx, /src/components/FloatingContactButton.tsx, /src/pages/HomePage.tsx, /src/components/HomepageBenefitsSection.tsx[22m
[2m10:42:52 PM[22m [36m[1m[vite][22m[39m [33mhmr invalidate [39m[2m/src/contexts/AdminAuthContext.tsx[22m Could not Fast Refresh ("useAdminAuth" export is incompatible). Learn more at https://github.com/vitejs/vite-plugin-react/tree/main/packages/plugin-react-swc#consistent-components-exports
[2m10:42:52 PM[22m [36m[1m[vite][22m[39m [32mhmr update [39m[2m/src/App.tsx, /src/index.css[22m
[2m10:43:22 PM[22m [36m[1m[vite][22m[39m [32mhmr update [39m[2m/src/contexts/SettingsContext.tsx, /src/index.css, /src/components/PageLoader.tsx, /src/contexts/AdminAuthContext.tsx, /src/pages/ProductPage.tsx, /src/pages/EventPage.tsx, /src/pages/HomePage.tsx, /src/pages/ShopPage.tsx, /src/pages/BuilderPage.tsx[22m
[2m10:43:23 PM[22m [36m[1m[vite][22m[39m [33mhmr invalidate [39m[2m/src/contexts/SettingsContext.tsx[22m Could not Fast Refresh ("useSettings" export is incompatible). Learn more at https://github.com/vitejs/vite-plugin-react/tree/main/packages/plugin-react-swc#consistent-components-exports
[2m10:43:23 PM[22m [36m[1m[vite][22m[39m [32mhmr update [39m[2m/src/App.tsx, /src/index.css, /src/contexts/CartContext.tsx, /src/components/SiteThemeSync.tsx, /src/pages/ProductPage.tsx, /src/components/SEO.tsx, /src/components/layout/Header.tsx, /src/components/layout/Footer.tsx, /src/components/layout/PaymentNoticeBar.tsx, /src/pages/EventPage.tsx, /src/components/ProductCard.tsx, /src/components/FloatingContactButton.tsx, /src/pages/HomePage.tsx, /src/components/HomepageBenefitsSection.tsx[22m
[2m10:43:23 PM[22m [36m[1m[vite][22m[39m [33mhmr invalidate [39m[2m/src/contexts/AdminAuthContext.tsx[22m Could not Fast Refresh ("useAdminAuth" export is incompatible). Learn more at https://github.com/vitejs/vite-plugin-react/tree/main/packages/plugin-react-swc#consistent-components-exports
[2m10:43:23 PM[22m [36m[1m[vite][22m[39m [32mhmr update [39m[2m/src/App.tsx, /src/index.css[22m
[2m10:44:32 PM[22m [36m[1m[vite][22m[39m [32mhmr update [39m[2m/src/contexts/SettingsContext.tsx, /src/index.css, /src/components/PageLoader.tsx, /src/contexts/AdminAuthContext.tsx, /src/pages/ProductPage.tsx, /src/pages/EventPage.tsx, /src/pages/HomePage.tsx, /src/pages/ShopPage.tsx, /src/pages/BuilderPage.tsx[22m
[2m10:44:33 PM[22m [36m[1m[vite][22m[39m [33mhmr invalidate [39m[2m/src/contexts/SettingsContext.tsx[22m Could not Fast Refresh ("useSettings" export is incompatible). Learn more at https://github.com/vitejs/vite-plugin-react/tree/main/packages/plugin-react-swc#consistent-components-exports
[2m10:44:33 PM[22m [36m[1m[vite][22m[39m [32mhmr update [39m[2m/src/App.tsx, /src/index.css, /src/contexts/CartContext.tsx, /src/components/SiteThemeSync.tsx, /src/pages/ProductPage.tsx, /src/components/SEO.tsx, /src/components/layout/Header.tsx, /src/components/layout/Footer.tsx, /src/components/layout/PaymentNoticeBar.tsx, /src/pages/EventPage.tsx, /src/components/ProductCard.tsx, /src/components/FloatingContactButton.tsx, /src/pages/HomePage.tsx, /src/components/HomepageBenefitsSection.tsx[22m
[2m10:44:33 PM[22m [36m[1m[vite][22m[39m [33mhmr invalidate [39m[2m/src/contexts/AdminAuthContext.tsx[22m Could not Fast Refresh ("useAdminAuth" export is incompatible). Learn more at https://github.com/vitejs/vite-plugin-react/tree/main/packages/plugin-react-swc#consistent-components-exports
[2m10:44:33 PM[22m [36m[1m[vite][22m[39m [32mhmr update [39m[2m/src/App.tsx, /src/index.css[22m
[2m10:44:47 PM[22m [36m[1m[vite][22m[39m [32mhmr update [39m[2m/src/pages/ProductPage.tsx, /src/index.css[22m
[2m10:50:30 PM[22m [36m[1m[vite][22m[39m [32mhmr update [39m[2m/src/contexts/SettingsContext.tsx, /src/index.css, /src/components/PageLoader.tsx, /src/contexts/AdminAuthContext.tsx, /src/pages/ProductPage.tsx, /src/pages/EventPage.tsx, /src/pages/HomePage.tsx, /src/pages/ShopPage.tsx, /src/pages/BuilderPage.tsx[22m
[2m10:50:30 PM[22m [36m[1m[vite][22m[39m [33mhmr invalidate [39m[2m/src/contexts/SettingsContext.tsx[22m Could not Fast Refresh ("useSettings" export is incompatible). Learn more at https://github.com/vitejs/vite-plugin-react/tree/main/packages/plugin-react-swc#consistent-components-exports
[2m10:50:30 PM[22m [36m[1m[vite][22m[39m [32mhmr update [39m[2m/src/App.tsx, /src/index.css, /src/contexts/CartContext.tsx, /src/components/SiteThemeSync.tsx, /src/pages/ProductPage.tsx, /src/components/SEO.tsx, /src/components/layout/Header.tsx, /src/components/layout/Footer.tsx, /src/components/layout/PaymentNoticeBar.tsx, /src/pages/EventPage.tsx, /src/components/ProductCard.tsx, /src/components/FloatingContactButton.tsx, /src/pages/HomePage.tsx, /src/components/HomepageBenefitsSection.tsx[22m
[2m10:50:30 PM[22m [36m[1m[vite][22m[39m [33mhmr invalidate [39m[2m/src/contexts/AdminAuthContext.tsx[22m Could not Fast Refresh ("useAdminAuth" export is incompatible). Learn more at https://github.com/vitejs/vite-plugin-react/tree/main/packages/plugin-react-swc#consistent-components-exports
[2m10:50:30 PM[22m [36m[1m[vite][22m[39m [32mhmr update [39m[2m/src/App.tsx, /src/index.css[22m
[2m10:57:06 PM[22m [36m[1m[vite][22m[39m [32mhmr update [39m[2m/src/contexts/SettingsContext.tsx, /src/index.css, /src/components/PageLoader.tsx, /src/contexts/AdminAuthContext.tsx, /src/pages/ProductPage.tsx, /src/pages/EventPage.tsx, /src/pages/HomePage.tsx, /src/pages/ShopPage.tsx, /src/pages/BuilderPage.tsx[22m
[2m10:57:06 PM[22m [36m[1m[vite][22m[39m [33mhmr invalidate [39m[2m/src/contexts/SettingsContext.tsx[22m Could not Fast Refresh ("useSettings" export is incompatible). Learn more at https://github.com/vitejs/vite-plugin-react/tree/main/packages/plugin-react-swc#consistent-components-exports
[2m10:57:06 PM[22m [36m[1m[vite][22m[39m [32mhmr update [39m[2m/src/App.tsx, /src/index.css, /src/contexts/CartContext.tsx, /src/components/SiteThemeSync.tsx, /src/pages/ProductPage.tsx, /src/components/SEO.tsx, /src/components/layout/Header.tsx, /src/components/layout/Footer.tsx, /src/components/layout/PaymentNoticeBar.tsx, /src/pages/EventPage.tsx, /src/components/ProductCard.tsx, /src/components/FloatingContactButton.tsx, /src/pages/HomePage.tsx, /src/components/HomepageBenefitsSection.tsx[22m
[2m10:57:06 PM[22m [36m[1m[vite][22m[39m [33mhmr invalidate [39m[2m/src/contexts/AdminAuthContext.tsx[22m Could not Fast Refresh ("useAdminAuth" export is incompatible). Learn more at https://github.com/vitejs/vite-plugin-react/tree/main/packages/plugin-react-swc#consistent-components-exports
[2m10:57:06 PM[22m [36m[1m[vite][22m[39m [32mhmr update [39m[2m/src/App.tsx, /src/index.css[22m
[2m10:57:07 PM[22m [36m[1m[vite][22m[39m [33mhmr invalidate [39m[2m/src/contexts/CartContext.tsx[22m Could not Fast Refresh ("useCart" export is incompatible). Learn more at https://github.com/vitejs/vite-plugin-react/tree/main/packages/plugin-react-swc#consistent-components-exports
[2m10:57:07 PM[22m [36m[1m[vite][22m[39m [32mhmr update [39m[2m/src/App.tsx, /src/index.css, /src/pages/ProductPage.tsx, /src/components/layout/Header.tsx, /src/components/ProductCard.tsx, /src/pages/BuilderPage.tsx[22m
[2m10:58:16 PM[22m [36m[1m[vite][22m[39m [32mhmr update [39m[2m/src/components/SEO.tsx, /src/index.css[22m
[2m10:58:32 PM[22m [36m[1m[vite][22m[39m [32mhmr update [39m[2m/src/pages/EventPage.tsx, /src/index.css[22m
[2m10:58:50 PM[22m [36m[1m[vite][22m[39m [32mhmr update [39m[2m/src/pages/ProductPage.tsx, /src/index.css[22m
[2m11:01:31 PM[22m [36m[1m[vite][22m[39m [32mhmr update [39m[2m/src/pages/ProductPage.tsx, /src/index.css[22m
[2m11:01:43 PM[22m [36m[1m[vite][22m[39m [32mhmr update [39m[2m/src/index.css, /src/contexts/SettingsContext.tsx, /src/contexts/AdminAuthContext.tsx, /src/pages/ProductPage.tsx, /src/pages/EventPage.tsx, /src/pages/HomePage.tsx, /src/pages/ShopPage.tsx, /src/pages/BuilderPage.tsx[22m
[2m11:01:43 PM[22m [36m[1m[vite][22m[39m [33mhmr invalidate [39m[2m/src/contexts/SettingsContext.tsx[22m Could not Fast Refresh ("useSettings" export is incompatible). Learn more at https://github.com/vitejs/vite-plugin-react/tree/main/packages/plugin-react-swc#consistent-components-exports
[2m11:01:43 PM[22m [36m[1m[vite][22m[39m [32mhmr update [39m[2m/src/App.tsx, /src/index.css, /src/contexts/CartContext.tsx, /src/components/SiteThemeSync.tsx, /src/pages/ProductPage.tsx, /src/components/SEO.tsx, /src/components/layout/Header.tsx, /src/components/layout/Footer.tsx, /src/components/layout/PaymentNoticeBar.tsx, /src/pages/EventPage.tsx, /src/components/ProductCard.tsx, /src/components/FloatingContactButton.tsx, /src/pages/HomePage.tsx, /src/components/HomepageBenefitsSection.tsx[22m
[2m11:01:43 PM[22m [36m[1m[vite][22m[39m [33mhmr invalidate [39m[2m/src/contexts/AdminAuthContext.tsx[22m Could not Fast Refresh ("useAdminAuth" export is incompatible). Learn more at https://github.com/vitejs/vite-plugin-react/tree/main/packages/plugin-react-swc#consistent-components-exports
[2m11:01:43 PM[22m [36m[1m[vite][22m[39m [32mhmr update [39m[2m/src/App.tsx, /src/index.css[22m
[2m11:01:43 PM[22m [36m[1m[vite][22m[39m [33mhmr invalidate [39m[2m/src/contexts/CartContext.tsx[22m Could not Fast Refresh ("useCart" export is incompatible). Learn more at https://github.com/vitejs/vite-plugin-react/tree/main/packages/plugin-react-swc#consistent-components-exports
[2m11:01:43 PM[22m [36m[1m[vite][22m[39m [32mhmr update [39m[2m/src/App.tsx, /src/index.css, /src/pages/ProductPage.tsx, /src/components/layout/Header.tsx, /src/components/ProductCard.tsx, /src/pages/BuilderPage.tsx[22m
[2m11:02:00 PM[22m [36m[1m[vite][22m[39m [32mhmr update [39m[2m/src/contexts/SettingsContext.tsx, /src/index.css, /src/components/PageLoader.tsx, /src/contexts/AdminAuthContext.tsx, /src/pages/ProductPage.tsx, /src/pages/EventPage.tsx, /src/pages/HomePage.tsx, /src/pages/ShopPage.tsx, /src/pages/BuilderPage.tsx[22m
[2m11:02:00 PM[22m [36m[1m[vite][22m[39m [33mhmr invalidate [39m[2m/src/contexts/SettingsContext.tsx[22m Could not Fast Refresh ("useSettings" export is incompatible). Learn more at https://github.com/vitejs/vite-plugin-react/tree/main/packages/plugin-react-swc#consistent-components-exports
[2m11:02:00 PM[22m [36m[1m[vite][22m[39m [32mhmr update [39m[2m/src/App.tsx, /src/index.css, /src/contexts/CartContext.tsx, /src/components/SiteThemeSync.tsx, /src/pages/ProductPage.tsx, /src/components/SEO.tsx, /src/components/layout/Header.tsx, /src/components/layout/Footer.tsx, /src/components/layout/PaymentNoticeBar.tsx, /src/pages/EventPage.tsx, /src/components/ProductCard.tsx, /src/components/FloatingContactButton.tsx, /src/pages/HomePage.tsx, /src/components/HomepageBenefitsSection.tsx[22m
[2m11:02:00 PM[22m [36m[1m[vite][22m[39m [33mhmr invalidate [39m[2m/src/contexts/AdminAuthContext.tsx[22m Could not Fast Refresh ("useAdminAuth" export is incompatible). Learn more at https://github.com/vitejs/vite-plugin-react/tree/main/packages/plugin-react-swc#consistent-components-exports
[2m11:02:00 PM[22m [36m[1m[vite][22m[39m [32mhmr update [39m[2m/src/App.tsx, /src/index.css[22m
[2m11:02:00 PM[22m [36m[1m[vite][22m[39m [33mhmr invalidate [39m[2m/src/contexts/CartContext.tsx[22m Could not Fast Refresh ("useCart" export is incompatible). Learn more at https://github.com/vitejs/vite-plugin-react/tree/main/packages/plugin-react-swc#consistent-components-exports
[2m11:02:00 PM[22m [36m[1m[vite][22m[39m [32mhmr update [39m[2m/src/App.tsx, /src/index.css, /src/pages/ProductPage.tsx, /src/components/layout/Header.tsx, /src/components/ProductCard.tsx, /src/pages/BuilderPage.tsx[22m
[2m11:02:33 PM[22m [36m[1m[vite][22m[39m [32mhmr update [39m[2m/src/pages/EventPage.tsx, /src/index.css[22m
[2m11:02:46 PM[22m [36m[1m[vite][22m[39m [32mhmr update [39m[2m/src/pages/ProductPage.tsx, /src/index.css[22m
[2m11:05:08 PM[22m [36m[1m[vite][22m[39m [32mhmr update [39m[2m/src/contexts/SettingsContext.tsx, /src/index.css, /src/components/PageLoader.tsx, /src/contexts/AdminAuthContext.tsx, /src/pages/ProductPage.tsx, /src/pages/EventPage.tsx, /src/pages/HomePage.tsx, /src/pages/ShopPage.tsx, /src/pages/BuilderPage.tsx[22m
[2m11:05:09 PM[22m [36m[1m[vite][22m[39m [33mhmr invalidate [39m[2m/src/contexts/SettingsContext.tsx[22m Could not Fast Refresh ("useSettings" export is incompatible). Learn more at https://github.com/vitejs/vite-plugin-react/tree/main/packages/plugin-react-swc#consistent-components-exports
[2m11:05:09 PM[22m [36m[1m[vite][22m[39m [32mhmr update [39m[2m/src/App.tsx, /src/index.css, /src/contexts/CartContext.tsx, /src/components/SiteThemeSync.tsx, /src/pages/ProductPage.tsx, /src/components/SEO.tsx, /src/components/layout/Header.tsx, /src/components/layout/Footer.tsx, /src/components/layout/PaymentNoticeBar.tsx, /src/pages/EventPage.tsx, /src/components/ProductCard.tsx, /src/components/FloatingContactButton.tsx, /src/pages/HomePage.tsx, /src/components/HomepageBenefitsSection.tsx[22m
[2m11:05:09 PM[22m [36m[1m[vite][22m[39m [33mhmr invalidate [39m[2m/src/contexts/AdminAuthContext.tsx[22m Could not Fast Refresh ("useAdminAuth" export is incompatible). Learn more at https://github.com/vitejs/vite-plugin-react/tree/main/packages/plugin-react-swc#consistent-components-exports
[2m11:05:09 PM[22m [36m[1m[vite][22m[39m [32mhmr update [39m[2m/src/App.tsx, /src/index.css[22m
[2m11:05:09 PM[22m [36m[1m[vite][22m[39m [33mhmr invalidate [39m[2m/src/contexts/CartContext.tsx[22m Could not Fast Refresh ("useCart" export is incompatible). Learn more at https://github.com/vitejs/vite-plugin-react/tree/main/packages/plugin-react-swc#consistent-components-exports
[2m11:05:09 PM[22m [36m[1m[vite][22m[39m [32mhmr update [39m[2m/src/App.tsx, /src/index.css, /src/pages/ProductPage.tsx, /src/components/layout/Header.tsx, /src/components/ProductCard.tsx, /src/pages/BuilderPage.tsx[22m
[2m11:05:50 PM[22m [36m[1m[vite][22m[39m [32mhmr update [39m[2m/src/contexts/SettingsContext.tsx, /src/index.css, /src/components/PageLoader.tsx, /src/contexts/AdminAuthContext.tsx, /src/pages/ProductPage.tsx, /src/pages/EventPage.tsx, /src/pages/HomePage.tsx, /src/pages/ShopPage.tsx, /src/pages/BuilderPage.tsx[22m
[2m11:05:50 PM[22m [36m[1m[vite][22m[39m [33mhmr invalidate [39m[2m/src/contexts/SettingsContext.tsx[22m Could not Fast Refresh ("useSettings" export is incompatible). Learn more at https://github.com/vitejs/vite-plugin-react/tree/main/packages/plugin-react-swc#consistent-components-exports
[2m11:05:50 PM[22m [36m[1m[vite][22m[39m [32mhmr update [39m[2m/src/App.tsx, /src/index.css, /src/contexts/CartContext.tsx, /src/components/SiteThemeSync.tsx, /src/pages/ProductPage.tsx, /src/components/SEO.tsx, /src/components/layout/Header.tsx, /src/components/layout/Footer.tsx, /src/components/layout/PaymentNoticeBar.tsx, /src/pages/EventPage.tsx, /src/components/ProductCard.tsx, /src/components/FloatingContactButton.tsx, /src/pages/HomePage.tsx, /src/components/HomepageBenefitsSection.tsx[22m
[2m11:05:50 PM[22m [36m[1m[vite][22m[39m [33mhmr invalidate [39m[2m/src/contexts/AdminAuthContext.tsx[22m Could not Fast Refresh ("useAdminAuth" export is incompatible). Learn more at https://github.com/vitejs/vite-plugin-react/tree/main/packages/plugin-react-swc#consistent-components-exports
[2m11:05:50 PM[22m [36m[1m[vite][22m[39m [32mhmr update [39m[2m/src/App.tsx, /src/index.css[22m
[2m11:05:50 PM[22m [36m[1m[vite][22m[39m [33mhmr invalidate [39m[2m/src/contexts/CartContext.tsx[22m Could not Fast Refresh ("useCart" export is incompatible). Learn more at https://github.com/vitejs/vite-plugin-react/tree/main/packages/plugin-react-swc#consistent-components-exports
[2m11:05:50 PM[22m [36m[1m[vite][22m[39m [32mhmr update [39m[2m/src/App.tsx, /src/index.css, /src/pages/ProductPage.tsx, /src/components/layout/Header.tsx, /src/components/ProductCard.tsx, /src/pages/BuilderPage.tsx[22m
[2m11:10:26 PM[22m [36m[1m[vite][22m[39m [32mhmr update [39m[2m/src/components/EventCard.tsx, /src/index.css[22m
[2m11:10:39 PM[22m [36m[1m[vite][22m[39m [32mhmr update [39m[2m/src/pages/HomePage.tsx, /src/index.css[22m
[2m11:11:26 PM[22m [36m[1m[vite][22m[39m [32mhmr update [39m[2m/src/contexts/SettingsContext.tsx, /src/index.css, /src/components/PageLoader.tsx, /src/contexts/AdminAuthContext.tsx, /src/pages/ProductPage.tsx, /src/pages/EventPage.tsx, /src/pages/HomePage.tsx, /src/pages/ShopPage.tsx, /src/pages/BuilderPage.tsx[22m
[2m11:11:26 PM[22m [36m[1m[vite][22m[39m [33mhmr invalidate [39m[2m/src/contexts/SettingsContext.tsx[22m Could not Fast Refresh ("useSettings" export is incompatible). Learn more at https://github.com/vitejs/vite-plugin-react/tree/main/packages/plugin-react-swc#consistent-components-exports
[2m11:11:26 PM[22m [36m[1m[vite][22m[39m [32mhmr update [39m[2m/src/App.tsx, /src/index.css, /src/contexts/CartContext.tsx, /src/components/SiteThemeSync.tsx, /src/pages/ProductPage.tsx, /src/components/SEO.tsx, /src/components/layout/Header.tsx, /src/components/layout/Footer.tsx, /src/components/layout/PaymentNoticeBar.tsx, /src/pages/EventPage.tsx, /src/components/ProductCard.tsx, /src/components/FloatingContactButton.tsx, /src/pages/HomePage.tsx, /src/components/HomepageBenefitsSection.tsx[22m
[2m11:11:26 PM[22m [36m[1m[vite][22m[39m [33mhmr invalidate [39m[2m/src/contexts/AdminAuthContext.tsx[22m Could not Fast Refresh ("useAdminAuth" export is incompatible). Learn more at https://github.com/vitejs/vite-plugin-react/tree/main/packages/plugin-react-swc#consistent-components-exports
[2m11:11:26 PM[22m [36m[1m[vite][22m[39m [32mhmr update [39m[2m/src/App.tsx, /src/index.css[22m
[2m11:11:26 PM[22m [36m[1m[vite][22m[39m [33mhmr invalidate [39m[2m/src/contexts/CartContext.tsx[22m Could not Fast Refresh ("useCart" export is incompatible). Learn more at https://github.com/vitejs/vite-plugin-react/tree/main/packages/plugin-react-swc#consistent-components-exports
[2m11:11:26 PM[22m [36m[1m[vite][22m[39m [32mhmr update [39m[2m/src/App.tsx, /src/index.css, /src/pages/ProductPage.tsx, /src/components/layout/Header.tsx, /src/components/ProductCard.tsx, /src/pages/BuilderPage.tsx[22m
[2m11:11:39 PM[22m [36m[1m[vite][22m[39m [32mhmr update [39m[2m/src/pages/HomePage.tsx, /src/index.css[22m
[2m11:11:52 PM[22m [36m[1m[vite][22m[39m [32mhmr update [39m[2m/src/pages/EventPage.tsx, /src/index.css[22m
[2m11:12:06 PM[22m [36m[1m[vite][22m[39m [32mhmr update [39m[2m/src/pages/ProductPage.tsx, /src/index.css[22m
[2m11:13:23 PM[22m [36m[1m[vite][22m[39m [32mhmr update [39m[2m/src/contexts/SettingsContext.tsx, /src/index.css, /src/components/PageLoader.tsx, /src/contexts/AdminAuthContext.tsx, /src/pages/ProductPage.tsx, /src/pages/EventPage.tsx, /src/pages/HomePage.tsx, /src/pages/ShopPage.tsx, /src/pages/BuilderPage.tsx[22m
[2m11:13:23 PM[22m [36m[1m[vite][22m[39m [33mhmr invalidate [39m[2m/src/contexts/SettingsContext.tsx[22m Could not Fast Refresh ("useSettings" export is incompatible). Learn more at https://github.com/vitejs/vite-plugin-react/tree/main/packages/plugin-react-swc#consistent-components-exports
[2m11:13:23 PM[22m [36m[1m[vite][22m[39m [32mhmr update [39m[2m/src/App.tsx, /src/index.css, /src/contexts/CartContext.tsx, /src/components/SiteThemeSync.tsx, /src/pages/ProductPage.tsx, /src/components/SEO.tsx, /src/components/layout/Header.tsx, /src/components/layout/Footer.tsx, /src/components/layout/PaymentNoticeBar.tsx, /src/pages/EventPage.tsx, /src/components/ProductCard.tsx, /src/components/FloatingContactButton.tsx, /src/pages/HomePage.tsx, /src/components/HomepageBenefitsSection.tsx[22m
[2m11:13:23 PM[22m [36m[1m[vite][22m[39m [33mhmr invalidate [39m[2m/src/contexts/AdminAuthContext.tsx[22m Could not Fast Refresh ("useAdminAuth" export is incompatible). Learn more at https://github.com/vitejs/vite-plugin-react/tree/main/packages/plugin-react-swc#consistent-components-exports
[2m11:13:23 PM[22m [36m[1m[vite][22m[39m [32mhmr update [39m[2m/src/App.tsx, /src/index.css[22m
[2m11:13:24 PM[22m [36m[1m[vite][22m[39m [33mhmr invalidate [39m[2m/src/contexts/CartContext.tsx[22m Could not Fast Refresh ("useCart" export is incompatible). Learn more at https://github.com/vitejs/vite-plugin-react/tree/main/packages/plugin-react-swc#consistent-components-exports
[2m11:13:24 PM[22m [36m[1m[vite][22m[39m [32mhmr update [39m[2m/src/App.tsx, /src/index.css, /src/pages/ProductPage.tsx, /src/components/layout/Header.tsx, /src/components/ProductCard.tsx, /src/pages/BuilderPage.tsx[22m
[2m11:18:57 PM[22m [36m[1m[vite][22m[39m [32mhmr update [39m[2m/src/components/layout/Footer.tsx, /src/index.css[22m
[2m11:20:23 PM[22m [36m[1m[vite][22m[39m [32mhmr update [39m[2m/src/components/layout/Footer.tsx, /src/index.css[22m
[2m11:21:30 PM[22m [36m[1m[vite][22m[39m [32m.env.local changed, restarting server...[39m
[2m11:21:30 PM[22m [36m[1m[vite][22m[39m [32mhmr update [39m[2m/src/contexts/SettingsContext.tsx, /src/index.css, /src/components/PageLoader.tsx, /src/contexts/AdminAuthContext.tsx, /src/pages/ProductPage.tsx, /src/pages/EventPage.tsx, /src/pages/HomePage.tsx, /src/pages/ShopPage.tsx, /src/pages/BuilderPage.tsx[22m
[2m11:21:30 PM[22m [36m[1m[vite][22m[39m server restarted.
[2m11:25:29 PM[22m [36m[1m[vite][22m[39m [32m.env.local changed, restarting server...[39m
[2m11:25:29 PM[22m [36m[1m[vite][22m[39m [32mvite.config.ts changed, restarting server...[39m
[2m11:25:29 PM[22m [36m[1m[vite][22m[39m server restarted.
